INFO     default scenario test matrix: lint, destroy, syntax, create, converge, idempotence, verify, destroy
INFO     Performing prerun with role_name_check=0...
INFO     Set ANSIBLE_LIBRARY=/home/den/.cache/ansible-compat/5be1ec/modules:/home/den/.ansible/plugins/modules:/usr/share/ansible/plugins/modules
INFO     Set ANSIBLE_COLLECTIONS_PATH=/home/den/.cache/ansible-compat/5be1ec/collections:/home/den/.ansible/collections:/usr/share/ansible/collections
INFO     Set ANSIBLE_ROLES_PATH=/home/den/.cache/ansible-compat/5be1ec/roles:/home/den/.ansible/roles:/usr/share/ansible/roles:/etc/ansible/roles
INFO     Inventory /home/den/repos/ipr/devops_school_ansible/roles/nginx/molecule/default/hosts linked to /home/den/.cache/molecule/nginx/default/inventory/hosts
INFO     Running default > lint
./tasks/main.yml
  4:6       warning  missing starting space in comment  (comments)
  39:6      warning  missing starting space in comment  (comments)
  47:6      warning  missing starting space in comment  (comments)

INFO     Inventory /home/den/repos/ipr/devops_school_ansible/roles/nginx/molecule/default/hosts linked to /home/den/.cache/molecule/nginx/default/inventory/hosts
INFO     Running default > destroy
INFO     Sanity checks: 'docker'

PLAY [Destroy] *****************************************************************

TASK [Destroy molecule instance(s)] ********************************************
changed: [localhost] => (item=balancer-1)

TASK [Wait for instance(s) deletion to complete] *******************************
FAILED - RETRYING: [localhost]: Wait for instance(s) deletion to complete (300 retries left).
ok: [localhost] => (item=balancer-1)

TASK [Delete docker networks(s)] ***********************************************

PLAY RECAP *********************************************************************
localhost                  : ok=2    changed=1    unreachable=0    failed=0    skipped=1    rescued=0    ignored=0

INFO     Inventory /home/den/repos/ipr/devops_school_ansible/roles/nginx/molecule/default/hosts linked to /home/den/.cache/molecule/nginx/default/inventory/hosts
INFO     Running default > syntax

playbook: /home/den/repos/ipr/devops_school_ansible/roles/nginx/molecule/default/converge.yml
INFO     Inventory /home/den/repos/ipr/devops_school_ansible/roles/nginx/molecule/default/hosts linked to /home/den/.cache/molecule/nginx/default/inventory/hosts
INFO     Running default > create

PLAY [Create] ******************************************************************

TASK [Log into a Docker registry] **********************************************
skipping: [localhost] => (item=None)
skipping: [localhost]

TASK [Check presence of custom Dockerfiles] ************************************
ok: [localhost] => (item={'capabilities': ['SYS_ADMIN'], 'command': '/lib/systemd/systemd', 'image': 'n0c1ip/ubuntu:18.04-systemd', 'name': 'balancer-1', 'pre_build_image': True, 'privileged': True, 'volumes': ['/sys/fs/cgroup:/sys/fs/cgroup:ro']})

TASK [Create Dockerfiles from image names] *************************************
skipping: [localhost] => (item={'capabilities': ['SYS_ADMIN'], 'command': '/lib/systemd/systemd', 'image': 'n0c1ip/ubuntu:18.04-systemd', 'name': 'balancer-1', 'pre_build_image': True, 'privileged': True, 'volumes': ['/sys/fs/cgroup:/sys/fs/cgroup:ro']})

TASK [Discover local Docker images] ********************************************
ok: [localhost] => (item={'changed': False, 'skipped': True, 'skip_reason': 'Conditional result was False', 'item': {'capabilities': ['SYS_ADMIN'], 'command': '/lib/systemd/systemd', 'image': 'n0c1ip/ubuntu:18.04-systemd', 'name': 'balancer-1', 'pre_build_image': True, 'privileged': True, 'volumes': ['/sys/fs/cgroup:/sys/fs/cgroup:ro']}, 'ansible_loop_var': 'item', 'i': 0, 'ansible_index_var': 'i'})

TASK [Build an Ansible compatible image (new)] *********************************
skipping: [localhost] => (item=molecule_local/n0c1ip/ubuntu:18.04-systemd)

TASK [Create docker network(s)] ************************************************

TASK [Determine the CMD directives] ********************************************
ok: [localhost] => (item={'capabilities': ['SYS_ADMIN'], 'command': '/lib/systemd/systemd', 'image': 'n0c1ip/ubuntu:18.04-systemd', 'name': 'balancer-1', 'pre_build_image': True, 'privileged': True, 'volumes': ['/sys/fs/cgroup:/sys/fs/cgroup:ro']})

TASK [Create molecule instance(s)] *********************************************
changed: [localhost] => (item=balancer-1)

TASK [Wait for instance(s) creation to complete] *******************************
FAILED - RETRYING: [localhost]: Wait for instance(s) creation to complete (300 retries left).
changed: [localhost] => (item={'failed': 0, 'started': 1, 'finished': 0, 'ansible_job_id': '222989514131.13098', 'results_file': '/home/den/.ansible_async/222989514131.13098', 'changed': True, 'item': {'capabilities': ['SYS_ADMIN'], 'command': '/lib/systemd/systemd', 'image': 'n0c1ip/ubuntu:18.04-systemd', 'name': 'balancer-1', 'pre_build_image': True, 'privileged': True, 'volumes': ['/sys/fs/cgroup:/sys/fs/cgroup:ro']}, 'ansible_loop_var': 'item'})

PLAY RECAP *********************************************************************
localhost                  : ok=5    changed=2    unreachable=0    failed=0    skipped=4    rescued=0    ignored=0

INFO     Inventory /home/den/repos/ipr/devops_school_ansible/roles/nginx/molecule/default/hosts linked to /home/den/.cache/molecule/nginx/default/inventory/hosts
INFO     Running default > converge

PLAY [converge] ****************************************************************

TASK [Gathering Facts] *********************************************************
ok: [balancer-1]

TASK [testinfra dependencies] **************************************************
changed: [balancer-1]

TASK [nginx : Include vars] ****************************************************
ok: [balancer-1]

TASK [nginx : nginx user creation] *********************************************
changed: [balancer-1]

TASK [nginx : Install Nginx] ***************************************************
changed: [balancer-1]

TASK [nginx : Generate Nginx config] *******************************************
changed: [balancer-1]

TASK [nginx : Start and enable Nginx on boot] **********************************
changed: [balancer-1]

TASK [nginx : create static folder] ********************************************
changed: [balancer-1]

TASK [nginx : Copy index.php] **************************************************
changed: [balancer-1]

TASK [nginx : Copy static] *****************************************************
changed: [balancer-1]

RUNNING HANDLER [nginx : Restart Nginx] ****************************************
changed: [balancer-1]

PLAY RECAP *********************************************************************
balancer-1                 : ok=11   changed=9    unreachable=0    failed=0    skipped=0    rescued=0    ignored=0

INFO     Inventory /home/den/repos/ipr/devops_school_ansible/roles/nginx/molecule/default/hosts linked to /home/den/.cache/molecule/nginx/default/inventory/hosts
INFO     Running default > idempotence

PLAY [converge] ****************************************************************

TASK [Gathering Facts] *********************************************************
ok: [balancer-1]

TASK [testinfra dependencies] **************************************************
ok: [balancer-1]

TASK [nginx : Include vars] ****************************************************
ok: [balancer-1]

TASK [nginx : nginx user creation] *********************************************
ok: [balancer-1]

TASK [nginx : Install Nginx] ***************************************************
ok: [balancer-1]

TASK [nginx : Generate Nginx config] *******************************************
ok: [balancer-1]

TASK [nginx : Start and enable Nginx on boot] **********************************
ok: [balancer-1]

TASK [nginx : create static folder] ********************************************
ok: [balancer-1]

TASK [nginx : Copy index.php] **************************************************
ok: [balancer-1]

TASK [nginx : Copy static] *****************************************************
ok: [balancer-1]

PLAY RECAP *********************************************************************
balancer-1                 : ok=10   changed=0    unreachable=0    failed=0    skipped=0    rescued=0    ignored=0

INFO     Idempotence completed successfully.
INFO     Inventory /home/den/repos/ipr/devops_school_ansible/roles/nginx/molecule/default/hosts linked to /home/den/.cache/molecule/nginx/default/inventory/hosts
INFO     Running default > verify
INFO     Executing Testinfra tests found in /home/den/repos/ipr/devops_school_ansible/roles/nginx/molecule/default/tests/...
============================= test session starts ==============================
platform linux -- Python 3.8.10, pytest-7.1.3, pluggy-1.0.0 -- /home/den/repos/ipr/devops_school_ansible/venv/bin/python3
rootdir: /home/den
plugins: testinfra-6.8.0
collecting ... collected 3 items

molecule/default/tests/test_default.py::test_socket[ansible:/balancer-1] PASSED [ 33%]
molecule/default/tests/test_default.py::test_service[ansible:/balancer-1] PASSED [ 66%]
molecule/default/tests/test_default.py::test_nginx_config[ansible:/balancer-1] PASSED [100%]

============================== 3 passed in 13.79s ==============================
INFO     Verifier completed successfully.
INFO     Inventory /home/den/repos/ipr/devops_school_ansible/roles/nginx/molecule/default/hosts linked to /home/den/.cache/molecule/nginx/default/inventory/hosts
INFO     Running default > destroy

PLAY [Destroy] *****************************************************************

TASK [Destroy molecule instance(s)] ********************************************
changed: [localhost] => (item=balancer-1)

TASK [Wait for instance(s) deletion to complete] *******************************
FAILED - RETRYING: [localhost]: Wait for instance(s) deletion to complete (300 retries left).
changed: [localhost] => (item=balancer-1)

TASK [Delete docker networks(s)] ***********************************************

PLAY RECAP *********************************************************************
localhost                  : ok=2    changed=2    unreachable=0    failed=0    skipped=1    rescued=0    ignored=0

INFO     Pruning extra files from scenario ephemeral directory