INFO     default scenario test matrix: lint, destroy, syntax, create, converge, idempotence, verify, destroy
INFO     Performing prerun with role_name_check=0...
INFO     Set ANSIBLE_LIBRARY=/home/den/.cache/ansible-compat/ac1b5c/modules:/home/den/.ansible/plugins/modules:/usr/share/ansible/plugins/modules
INFO     Set ANSIBLE_COLLECTIONS_PATH=/home/den/.cache/ansible-compat/ac1b5c/collections:/home/den/.ansible/collections:/usr/share/ansible/collections
INFO     Set ANSIBLE_ROLES_PATH=/home/den/.cache/ansible-compat/ac1b5c/roles:/home/den/.ansible/roles:/usr/share/ansible/roles:/etc/ansible/roles
INFO     Running default > lint
./molecule/default/tests/test_default.py:13:5: E265 block comment should start with '# '
./tasks/main.yml
  4:6       warning  missing starting space in comment  (comments)

INFO     Running default > destroy
INFO     Sanity checks: 'docker'

PLAY [Destroy] *****************************************************************

TASK [Destroy molecule instance(s)] ********************************************
changed: [localhost] => (item=instance)

TASK [Wait for instance(s) deletion to complete] *******************************
FAILED - RETRYING: [localhost]: Wait for instance(s) deletion to complete (300 retries left).
ok: [localhost] => (item=instance)

TASK [Delete docker networks(s)] ***********************************************

PLAY RECAP *********************************************************************
localhost                  : ok=2    changed=1    unreachable=0    failed=0    skipped=1    rescued=0    ignored=0

INFO     Running default > syntax

playbook: /home/den/repos/ipr/devops_school_ansible/roles/initial/molecule/default/converge.yml
INFO     Running default > create

PLAY [Create] ******************************************************************

TASK [Log into a Docker registry] **********************************************
skipping: [localhost] => (item=None)
skipping: [localhost]

TASK [Check presence of custom Dockerfiles] ************************************
ok: [localhost] => (item={'capabilities': ['SYS_ADMIN'], 'command': '/lib/systemd/systemd', 'image': 'n0c1ip/ubuntu:18.04-systemd', 'name': 'instance', 'pre_build_image': True, 'privileged': True, 'volumes': ['/sys/fs/cgroup:/sys/fs/cgroup:ro']})

TASK [Create Dockerfiles from image names] *************************************
skipping: [localhost] => (item={'capabilities': ['SYS_ADMIN'], 'command': '/lib/systemd/systemd', 'image': 'n0c1ip/ubuntu:18.04-systemd', 'name': 'instance', 'pre_build_image': True, 'privileged': True, 'volumes': ['/sys/fs/cgroup:/sys/fs/cgroup:ro']})

TASK [Discover local Docker images] ********************************************
ok: [localhost] => (item={'changed': False, 'skipped': True, 'skip_reason': 'Conditional result was False', 'item': {'capabilities': ['SYS_ADMIN'], 'command': '/lib/systemd/systemd', 'image': 'n0c1ip/ubuntu:18.04-systemd', 'name': 'instance', 'pre_build_image': True, 'privileged': True, 'volumes': ['/sys/fs/cgroup:/sys/fs/cgroup:ro']}, 'ansible_loop_var': 'item', 'i': 0, 'ansible_index_var': 'i'})

TASK [Build an Ansible compatible image (new)] *********************************
skipping: [localhost] => (item=molecule_local/n0c1ip/ubuntu:18.04-systemd)

TASK [Create docker network(s)] ************************************************

TASK [Determine the CMD directives] ********************************************
ok: [localhost] => (item={'capabilities': ['SYS_ADMIN'], 'command': '/lib/systemd/systemd', 'image': 'n0c1ip/ubuntu:18.04-systemd', 'name': 'instance', 'pre_build_image': True, 'privileged': True, 'volumes': ['/sys/fs/cgroup:/sys/fs/cgroup:ro']})

TASK [Create molecule instance(s)] *********************************************
changed: [localhost] => (item=instance)

TASK [Wait for instance(s) creation to complete] *******************************
FAILED - RETRYING: [localhost]: Wait for instance(s) creation to complete (300 retries left).
changed: [localhost] => (item={'failed': 0, 'started': 1, 'finished': 0, 'ansible_job_id': '385143373081.4616', 'results_file': '/home/den/.ansible_async/385143373081.4616', 'changed': True, 'item': {'capabilities': ['SYS_ADMIN'], 'command': '/lib/systemd/systemd', 'image': 'n0c1ip/ubuntu:18.04-systemd', 'name': 'instance', 'pre_build_image': True, 'privileged': True, 'volumes': ['/sys/fs/cgroup:/sys/fs/cgroup:ro']}, 'ansible_loop_var': 'item'})

PLAY RECAP *********************************************************************
localhost                  : ok=5    changed=2    unreachable=0    failed=0    skipped=4    rescued=0    ignored=0

INFO     Running default > converge

PLAY [Converge] ****************************************************************

TASK [Gathering Facts] *********************************************************
ok: [instance]

TASK [initial : Include vault vars] ********************************************
ok: [instance]

TASK [initial : Install sudo] **************************************************
changed: [instance]

TASK [initial : Ansible user creation] *****************************************
changed: [instance]

TASK [initial : ansible user sudoers file] *************************************
changed: [instance]

TASK [initial : Add ansible public key to host] ********************************
changed: [instance]

PLAY RECAP *********************************************************************
instance                   : ok=6    changed=4    unreachable=0    failed=0    skipped=0    rescued=0    ignored=0

INFO     Running default > idempotence

PLAY [Converge] ****************************************************************

TASK [Gathering Facts] *********************************************************
ok: [instance]

TASK [initial : Include vault vars] ********************************************
ok: [instance]

TASK [initial : Install sudo] **************************************************
ok: [instance]

TASK [initial : Ansible user creation] *****************************************
ok: [instance]

TASK [initial : ansible user sudoers file] *************************************
ok: [instance]

TASK [initial : Add ansible public key to host] ********************************
ok: [instance]

PLAY RECAP *********************************************************************
instance                   : ok=6    changed=0    unreachable=0    failed=0    skipped=0    rescued=0    ignored=0

INFO     Idempotence completed successfully.
INFO     Running default > verify
INFO     Executing Testinfra tests found in /home/den/repos/ipr/devops_school_ansible/roles/initial/molecule/default/tests/...
============================= test session starts ==============================
platform linux -- Python 3.8.10, pytest-7.1.3, pluggy-1.0.0 -- /home/den/repos/ipr/devops_school_ansible/venv/bin/python3
rootdir: /home/den
plugins: testinfra-6.8.0
collecting ... collected 3 items

molecule/default/tests/test_default.py::test_user[ansible:/instance] PASSED [ 33%]
molecule/default/tests/test_default.py::test_sudo_permission_ansible[ansible:/instance] PASSED [ 66%]
molecule/default/tests/test_default.py::test_ansible_key[ansible:/instance] PASSED [100%]

============================== 3 passed in 8.86s ===============================
INFO     Verifier completed successfully.
INFO     Running default > destroy

PLAY [Destroy] *****************************************************************

TASK [Destroy molecule instance(s)] ********************************************
changed: [localhost] => (item=instance)

TASK [Wait for instance(s) deletion to complete] *******************************
FAILED - RETRYING: [localhost]: Wait for instance(s) deletion to complete (300 retries left).
changed: [localhost] => (item=instance)

TASK [Delete docker networks(s)] ***********************************************

PLAY RECAP *********************************************************************
localhost                  : ok=2    changed=2    unreachable=0    failed=0    skipped=1    rescued=0    ignored=0

INFO     Pruning extra files from scenario ephemeral directory